<?xml version="1.0" encoding="UTF-8"?>
<coverage generated="1784272827451" clover="3.2.0">
  <project timestamp="1784272827452" name="All files">
    <metrics statements="250" coveredstatements="246" conditionals="193" coveredconditionals="176" methods="36" coveredmethods="36" elements="479" coveredelements="458" complexity="0" loc="250" ncloc="250" packages="3" files="8" classes="8"/>
    <package name="server.services">
      <metrics statements="178" coveredstatements="174" conditionals="158" coveredconditionals="141" methods="21" coveredmethods="21"/>
      <file name="geminiClient.js" path="/Users/tanaysharma/Desktop/FIFA/server/services/geminiClient.js">
        <metrics statements="156" coveredstatements="152" conditionals="147" coveredconditionals="130" methods="13" coveredmethods="13"/>
        <line num="14" count="1" type="stmt"/>
        <line num="26" count="13" type="stmt"/>
        <line num="27" count="13" type="stmt"/>
        <line num="28" count="13" type="stmt"/>
        <line num="29" count="13" type="stmt"/>
        <line num="34" count="15" type="stmt"/>
        <line num="35" count="15" type="cond" truecount="2" falsecount="0"/>
        <line num="36" count="1" type="stmt"/>
        <line num="37" count="1" type="stmt"/>
        <line num="38" count="1" type="stmt"/>
        <line num="41" count="14" type="cond" truecount="4" falsecount="1"/>
        <line num="43" count="15" type="cond" truecount="2" falsecount="0"/>
        <line num="44" count="13" type="stmt"/>
        <line num="46" count="1" type="stmt"/>
        <line num="49" count="14" type="cond" truecount="3" falsecount="1"/>
        <line num="50" count="0" type="stmt"/>
        <line num="52" count="14" type="stmt"/>
        <line num="55" count="14" type="cond" truecount="1" falsecount="1"/>
        <line num="56" count="0" type="stmt"/>
        <line num="58" count="14" type="stmt"/>
        <line num="61" count="14" type="cond" truecount="1" falsecount="1"/>
        <line num="62" count="0" type="stmt"/>
        <line num="63" count="14" type="cond" truecount="1" falsecount="1"/>
        <line num="64" count="0" type="stmt"/>
        <line num="66" count="14" type="stmt"/>
        <line num="69" count="14" type="stmt"/>
        <line num="73" count="17" type="cond" truecount="2" falsecount="0"/>
        <line num="74" count="1" type="stmt"/>
        <line num="77" count="16" type="cond" truecount="1" falsecount="1"/>
        <line num="80" count="17" type="stmt"/>
        <line num="81" count="17" type="stmt"/>
        <line num="82" count="17" type="cond" truecount="4" falsecount="0"/>
        <line num="83" count="16" type="stmt"/>
        <line num="85" count="16" type="stmt"/>
        <line num="86" count="80" type="cond" truecount="2" falsecount="0"/>
        <line num="87" count="67" type="stmt"/>
        <line num="91" count="16" type="stmt"/>
        <line num="92" count="16" type="stmt"/>
        <line num="93" count="16" type="stmt"/>
        <line num="95" count="16" type="stmt"/>
        <line num="97" count="16" type="stmt"/>
        <line num="98" count="27" type="stmt"/>
        <line num="100" count="27" type="stmt"/>
        <line num="109" count="27" type="stmt"/>
        <line num="110" count="27" type="stmt"/>
        <line num="111" count="27" type="stmt"/>
        <line num="113" count="27" type="stmt"/>
        <line num="117" count="27" type="stmt"/>
        <line num="120" count="27" type="stmt"/>
        <line num="128" count="27" type="stmt"/>
        <line num="129" count="27" type="stmt"/>
        <line num="130" count="27" type="stmt"/>
        <line num="131" count="28" type="stmt"/>
        <line num="132" count="28" type="stmt"/>
        <line num="135" count="20" type="stmt"/>
        <line num="137" count="8" type="cond" truecount="2" falsecount="1"/>
        <line num="138" count="8" type="cond" truecount="4" falsecount="0"/>
        <line num="139" count="7" type="stmt"/>
        <line num="141" count="1" type="stmt"/>
        <line num="142" count="1" type="stmt"/>
        <line num="143" count="1" type="stmt"/>
        <line num="147" count="20" type="stmt"/>
        <line num="148" count="20" type="cond" truecount="2" falsecount="0"/>
        <line num="149" count="6" type="stmt"/>
        <line num="153" count="14" type="stmt"/>
        <line num="154" count="14" type="stmt"/>
        <line num="156" count="14" type="stmt"/>
        <line num="164" count="14" type="stmt"/>
        <line num="166" count="13" type="stmt"/>
        <line num="168" count="13" type="stmt"/>
        <line num="175" count="13" type="stmt"/>
        <line num="176" count="13" type="stmt"/>
        <line num="178" count="13" type="stmt"/>
        <line num="179" count="13" type="stmt"/>
        <line num="180" count="13" type="stmt"/>
        <line num="185" count="2" type="stmt"/>
        <line num="186" count="2" type="cond" truecount="1" falsecount="1"/>
        <line num="187" count="2" type="stmt"/>
        <line num="188" count="2" type="cond" truecount="1" falsecount="2"/>
        <line num="190" count="2" type="cond" truecount="1" falsecount="1"/>
        <line num="194" count="23" type="cond" truecount="2" falsecount="0"/>
        <line num="195" count="10" type="stmt"/>
        <line num="203" count="13" type="cond" truecount="2" falsecount="0"/>
        <line num="204" count="4" type="stmt"/>
        <line num="209" count="9" type="cond" truecount="2" falsecount="0"/>
        <line num="210" count="2" type="stmt"/>
        <line num="215" count="7" type="cond" truecount="2" falsecount="0"/>
        <line num="216" count="2" type="stmt"/>
        <line num="221" count="5" type="stmt"/>
        <line num="227" count="18" type="cond" truecount="2" falsecount="0"/>
        <line num="228" count="6" type="stmt"/>
        <line num="231" count="12" type="cond" truecount="4" falsecount="0"/>
        <line num="232" count="11" type="cond" truecount="2" falsecount="0"/>
        <line num="233" count="1" type="stmt"/>
        <line num="236" count="10" type="cond" truecount="2" falsecount="0"/>
        <line num="237" count="1" type="stmt"/>
        <line num="241" count="10" type="stmt"/>
        <line num="245" count="22" type="cond" truecount="5" falsecount="0"/>
        <line num="249" count="20" type="cond" truecount="2" falsecount="0"/>
        <line num="250" count="2" type="stmt"/>
        <line num="253" count="18" type="stmt"/>
        <line num="258" count="12" type="cond" truecount="2" falsecount="0"/>
        <line num="259" count="1" type="stmt"/>
        <line num="262" count="11" type="stmt"/>
        <line num="263" count="11" type="stmt"/>
        <line num="267" count="11" type="cond" truecount="2" falsecount="0"/>
        <line num="268" count="2" type="stmt"/>
        <line num="271" count="9" type="cond" truecount="2" falsecount="0"/>
        <line num="272" count="5" type="cond" truecount="2" falsecount="0"/>
        <line num="273" count="3" type="stmt"/>
        <line num="276" count="2" type="cond" truecount="6" falsecount="0"/>
        <line num="277" count="1" type="stmt"/>
        <line num="280" count="1" type="cond" truecount="3" falsecount="1"/>
        <line num="281" count="1" type="stmt"/>
        <line num="285" count="4" type="cond" truecount="2" falsecount="0"/>
        <line num="286" count="1" type="stmt"/>
        <line num="289" count="3" type="stmt"/>
        <line num="293" count="17" type="cond" truecount="2" falsecount="0"/>
        <line num="294" count="2" type="stmt"/>
        <line num="297" count="15" type="stmt"/>
        <line num="303" count="15" type="cond" truecount="2" falsecount="0"/>
        <line num="304" count="8" type="stmt"/>
        <line num="307" count="15" type="cond" truecount="2" falsecount="0"/>
        <line num="308" count="1" type="stmt"/>
        <line num="311" count="15" type="cond" truecount="4" falsecount="0"/>
        <line num="312" count="1" type="stmt"/>
        <line num="315" count="15" type="cond" truecount="4" falsecount="0"/>
        <line num="316" count="1" type="stmt"/>
        <line num="319" count="15" type="stmt"/>
        <line num="323" count="2" type="stmt"/>
        <line num="327" count="2" type="cond" truecount="2" falsecount="0"/>
        <line num="331" count="13" type="cond" truecount="2" falsecount="0"/>
        <line num="332" count="1" type="stmt"/>
        <line num="335" count="12" type="stmt"/>
        <line num="339" count="12" type="stmt"/>
        <line num="340" count="18" type="stmt"/>
        <line num="342" count="18" type="stmt"/>
        <line num="350" count="18" type="stmt"/>
        <line num="351" count="18" type="stmt"/>
        <line num="355" count="7" type="stmt"/>
        <line num="356" count="7" type="cond" truecount="2" falsecount="0"/>
        <line num="357" count="1" type="stmt"/>
        <line num="360" count="6" type="stmt"/>
        <line num="368" count="18" type="stmt"/>
        <line num="370" count="12" type="stmt"/>
        <line num="371" count="12" type="cond" truecount="2" falsecount="0"/>
        <line num="373" count="12" type="cond" truecount="4" falsecount="0"/>
        <line num="385" count="12" type="cond" truecount="4" falsecount="0"/>
        <line num="386" count="6" type="cond" truecount="1" falsecount="1"/>
        <line num="387" count="6" type="stmt"/>
        <line num="398" count="6" type="stmt"/>
        <line num="401" count="6" type="stmt"/>
        <line num="407" count="2" type="stmt"/>
        <line num="408" count="2" type="cond" truecount="2" falsecount="0"/>
        <line num="409" count="1" type="stmt"/>
        <line num="412" count="1" type="stmt"/>
      </file>
      <file name="logger.js" path="/Users/tanaysharma/Desktop/FIFA/server/services/logger.js">
        <metrics statements="2" coveredstatements="2" conditionals="1" coveredconditionals="1" methods="1" coveredmethods="1"/>
        <line num="2" count="36" type="stmt"/>
        <line num="9" count="36" type="stmt"/>
      </file>
      <file name="prompts.js" path="/Users/tanaysharma/Desktop/FIFA/server/services/prompts.js">
        <metrics statements="5" coveredstatements="5" conditionals="8" coveredconditionals="8" methods="5" coveredmethods="5"/>
        <line num="2" count="2" type="stmt"/>
        <line num="21" count="1" type="stmt"/>
        <line num="30" count="2" type="stmt"/>
        <line num="48" count="1" type="stmt"/>
        <line num="62" count="2" type="stmt"/>
      </file>
      <file name="safeJson.js" path="/Users/tanaysharma/Desktop/FIFA/server/services/safeJson.js">
        <metrics statements="8" coveredstatements="8" conditionals="2" coveredconditionals="2" methods="1" coveredmethods="1"/>
        <line num="2" count="6" type="stmt"/>
        <line num="3" count="6" type="stmt"/>
        <line num="5" count="5" type="stmt"/>
        <line num="6" count="5" type="cond" truecount="2" falsecount="0"/>
        <line num="7" count="2" type="stmt"/>
        <line num="10" count="3" type="stmt"/>
        <line num="11" count="3" type="stmt"/>
        <line num="13" count="1" type="stmt"/>
      </file>
      <file name="validation.js" path="/Users/tanaysharma/Desktop/FIFA/server/services/validation.js">
        <metrics statements="7" coveredstatements="7" conditionals="0" coveredconditionals="0" methods="1" coveredmethods="1"/>
        <line num="3" count="1" type="stmt"/>
        <line num="8" count="9" type="stmt"/>
        <line num="10" count="1" type="stmt"/>
        <line num="21" count="1" type="stmt"/>
        <line num="32" count="1" type="stmt"/>
        <line num="38" count="1" type="stmt"/>
        <line num="43" count="1" type="stmt"/>
      </file>
    </package>
    <package name="src.hooks">
      <metrics statements="21" coveredstatements="21" conditionals="4" coveredconditionals="4" methods="5" coveredmethods="5"/>
      <file name="useAiRequest.ts" path="/Users/tanaysharma/Desktop/FIFA/src/hooks/useAiRequest.ts">
        <metrics statements="21" coveredstatements="21" conditionals="4" coveredconditionals="4" methods="5" coveredmethods="5"/>
        <line num="12" count="8" type="stmt"/>
        <line num="17" count="8" type="stmt"/>
        <line num="18" count="8" type="stmt"/>
        <line num="20" count="8" type="stmt"/>
        <line num="22" count="6" type="stmt"/>
        <line num="23" count="6" type="stmt"/>
        <line num="24" count="6" type="stmt"/>
        <line num="25" count="6" type="stmt"/>
        <line num="27" count="6" type="stmt"/>
        <line num="28" count="6" type="stmt"/>
        <line num="31" count="4" type="stmt"/>
        <line num="32" count="4" type="stmt"/>
        <line num="34" count="2" type="cond" truecount="2" falsecount="0"/>
        <line num="35" count="2" type="stmt"/>
        <line num="36" count="2" type="stmt"/>
        <line num="42" count="8" type="stmt"/>
        <line num="43" count="2" type="cond" truecount="2" falsecount="0"/>
        <line num="44" count="1" type="stmt"/>
        <line num="47" count="1" type="stmt"/>
        <line num="50" count="8" type="stmt"/>
        <line num="54" count="2" type="stmt"/>
      </file>
    </package>
    <package name="src.services.ai">
      <metrics statements="51" coveredstatements="51" conditionals="31" coveredconditionals="31" methods="10" coveredmethods="10"/>
      <file name="cache.ts" path="/Users/tanaysharma/Desktop/FIFA/src/services/ai/cache.ts">
        <metrics statements="9" coveredstatements="9" conditionals="4" coveredconditionals="4" methods="2" coveredmethods="2"/>
        <line num="6" count="1" type="stmt"/>
        <line num="9" count="25" type="stmt"/>
        <line num="10" count="25" type="cond" truecount="2" falsecount="0"/>
        <line num="11" count="23" type="stmt"/>
        <line num="14" count="2" type="cond" truecount="2" falsecount="0"/>
        <line num="15" count="1" type="stmt"/>
        <line num="16" count="1" type="stmt"/>
        <line num="19" count="1" type="stmt"/>
        <line num="23" count="18" type="stmt"/>
      </file>
      <file name="client.ts" path="/Users/tanaysharma/Desktop/FIFA/src/services/ai/client.ts">
        <metrics statements="42" coveredstatements="42" conditionals="27" coveredconditionals="27" methods="8" coveredmethods="8"/>
        <line num="39" count="1" type="stmt"/>
        <line num="40" count="1" type="stmt"/>
        <line num="41" count="1" type="stmt"/>
        <line num="42" count="1" type="stmt"/>
        <line num="51" count="25" type="stmt"/>
        <line num="55" count="23" type="stmt"/>
        <line num="56" count="23" type="stmt"/>
        <line num="57" count="23" type="cond" truecount="2" falsecount="0"/>
        <line num="58" count="21" type="stmt"/>
        <line num="61" count="23" type="cond" truecount="2" falsecount="0"/>
        <line num="62" count="1" type="stmt"/>
        <line num="65" count="22" type="stmt"/>
        <line num="69" count="22" type="stmt"/>
        <line num="70" count="22" type="cond" truecount="2" falsecount="0"/>
        <line num="71" count="1" type="stmt"/>
        <line num="74" count="22" type="stmt"/>
        <line num="75" count="22" type="stmt"/>
        <line num="77" count="22" type="stmt"/>
        <line num="78" count="27" type="stmt"/>
        <line num="79" count="27" type="stmt"/>
        <line num="86" count="8" type="stmt"/>
        <line num="87" count="8" type="cond" truecount="2" falsecount="0"/>
        <line num="89" count="8" type="cond" truecount="4" falsecount="0"/>
        <line num="91" count="8" type="cond" truecount="4" falsecount="0"/>
        <line num="92" count="3" type="stmt"/>
        <line num="95" count="5" type="stmt"/>
        <line num="105" count="25" type="stmt"/>
        <line num="106" count="25" type="stmt"/>
        <line num="107" count="25" type="cond" truecount="2" falsecount="0"/>
        <line num="108" count="1" type="stmt"/>
        <line num="111" count="24" type="stmt"/>
        <line num="112" count="24" type="cond" truecount="2" falsecount="0"/>
        <line num="113" count="1" type="stmt"/>
        <line num="116" count="23" type="stmt"/>
        <line num="118" count="23" type="stmt"/>
        <line num="120" count="19" type="cond" truecount="5" falsecount="0"/>
        <line num="121" count="1" type="stmt"/>
        <line num="124" count="18" type="stmt"/>
        <line num="125" count="18" type="stmt"/>
        <line num="128" count="22" type="stmt"/>
        <line num="131" count="23" type="stmt"/>
        <line num="132" count="23" type="stmt"/>
      </file>
    </package>
  </project>
</coverage>
