{"/Users/tanaysharma/Desktop/FIFA/server/services/geminiClient.js": {"path":"/Users/tanaysharma/Desktop/FIFA/server/services/geminiClient.js","statementMap":{"0":{"start":{"line":14,"column":21},"end":{"line":22,"column":null}},"1":{"start":{"line":26,"column":4},"end":{"line":26,"column":null}},"2":{"start":{"line":27,"column":4},"end":{"line":27,"column":null}},"3":{"start":{"line":28,"column":4},"end":{"line":28,"column":null}},"4":{"start":{"line":29,"column":4},"end":{"line":29,"column":null}},"5":{"start":{"line":34,"column":2},"end":{"line":34,"column":null}},"6":{"start":{"line":35,"column":2},"end":{"line":39,"column":null}},"7":{"start":{"line":36,"column":4},"end":{"line":36,"column":null}},"8":{"start":{"line":37,"column":4},"end":{"line":37,"column":null}},"9":{"start":{"line":38,"column":4},"end":{"line":38,"column":null}},"10":{"start":{"line":41,"column":2},"end":{"line":41,"column":null}},"11":{"start":{"line":43,"column":2},"end":{"line":47,"column":null}},"12":{"start":{"line":44,"column":4},"end":{"line":44,"column":null}},"13":{"start":{"line":46,"column":4},"end":{"line":46,"column":null}},"14":{"start":{"line":49,"column":2},"end":{"line":53,"column":null}},"15":{"start":{"line":50,"column":4},"end":{"line":50,"column":null}},"16":{"start":{"line":52,"column":4},"end":{"line":52,"column":null}},"17":{"start":{"line":55,"column":2},"end":{"line":59,"column":null}},"18":{"start":{"line":56,"column":4},"end":{"line":56,"column":null}},"19":{"start":{"line":58,"column":4},"end":{"line":58,"column":null}},"20":{"start":{"line":61,"column":2},"end":{"line":67,"column":null}},"21":{"start":{"line":62,"column":4},"end":{"line":62,"column":null}},"22":{"start":{"line":63,"column":9},"end":{"line":67,"column":null}},"23":{"start":{"line":64,"column":4},"end":{"line":64,"column":null}},"24":{"start":{"line":66,"column":4},"end":{"line":66,"column":null}},"25":{"start":{"line":69,"column":2},"end":{"line":69,"column":null}},"26":{"start":{"line":73,"column":2},"end":{"line":75,"column":null}},"27":{"start":{"line":74,"column":4},"end":{"line":74,"column":null}},"28":{"start":{"line":77,"column":25},"end":{"line":77,"column":null}},"29":{"start":{"line":80,"column":20},"end":{"line":80,"column":null}},"30":{"start":{"line":81,"column":21},"end":{"line":81,"column":null}},"31":{"start":{"line":82,"column":2},"end":{"line":84,"column":null}},"32":{"start":{"line":83,"column":4},"end":{"line":83,"column":null}},"33":{"start":{"line":85,"column":2},"end":{"line":89,"column":null}},"34":{"start":{"line":86,"column":4},"end":{"line":88,"column":null}},"35":{"start":{"line":87,"column":6},"end":{"line":87,"column":null}},"36":{"start":{"line":91,"column":2},"end":{"line":91,"column":null}},"37":{"start":{"line":92,"column":2},"end":{"line":92,"column":null}},"38":{"start":{"line":93,"column":2},"end":{"line":93,"column":null}},"39":{"start":{"line":95,"column":18},"end":{"line":95,"column":null}},"40":{"start":{"line":97,"column":2},"end":{"line":182,"column":null}},"41":{"start":{"line":97,"column":15},"end":{"line":97,"column":18}},"42":{"start":{"line":98,"column":22},"end":{"line":98,"column":null}},"43":{"start":{"line":100,"column":20},"end":{"line":107,"column":null}},"44":{"start":{"line":109,"column":4},"end":{"line":181,"column":null}},"45":{"start":{"line":110,"column":6},"end":{"line":110,"column":null}},"46":{"start":{"line":111,"column":6},"end":{"line":111,"column":null}},"47":{"start":{"line":113,"column":6},"end":{"line":116,"column":null}},"48":{"start":{"line":117,"column":6},"end":{"line":117,"column":null}},"49":{"start":{"line":120,"column":6},"end":{"line":125,"column":null}},"50":{"start":{"line":128,"column":23},"end":{"line":128,"column":null}},"51":{"start":{"line":129,"column":27},"end":{"line":129,"column":null}},"52":{"start":{"line":130,"column":6},"end":{"line":145,"column":null}},"53":{"start":{"line":130,"column":25},"end":{"line":130,"column":28}},"54":{"start":{"line":131,"column":8},"end":{"line":144,"column":null}},"55":{"start":{"line":132,"column":10},"end":{"line":134,"column":null}},"56":{"start":{"line":135,"column":10},"end":{"line":135,"column":null}},"57":{"start":{"line":137,"column":30},"end":{"line":137,"column":null}},"58":{"start":{"line":138,"column":10},"end":{"line":140,"column":null}},"59":{"start":{"line":139,"column":12},"end":{"line":139,"column":null}},"60":{"start":{"line":141,"column":24},"end":{"line":141,"column":null}},"61":{"start":{"line":142,"column":10},"end":{"line":142,"column":null}},"62":{"start":{"line":143,"column":10},"end":{"line":143,"column":null}},"63":{"start":{"line":147,"column":19},"end":{"line":147,"column":null}},"64":{"start":{"line":148,"column":6},"end":{"line":150,"column":null}},"65":{"start":{"line":149,"column":8},"end":{"line":149,"column":null}},"66":{"start":{"line":153,"column":6},"end":{"line":153,"column":null}},"67":{"start":{"line":154,"column":6},"end":{"line":154,"column":null}},"68":{"start":{"line":156,"column":6},"end":{"line":162,"column":null}},"69":{"start":{"line":164,"column":6},"end":{"line":164,"column":null}},"70":{"start":{"line":166,"column":6},"end":{"line":166,"column":null}},"71":{"start":{"line":168,"column":6},"end":{"line":173,"column":null}},"72":{"start":{"line":175,"column":6},"end":{"line":175,"column":null}},"73":{"start":{"line":176,"column":6},"end":{"line":176,"column":null}},"74":{"start":{"line":178,"column":6},"end":{"line":178,"column":null}},"75":{"start":{"line":179,"column":6},"end":{"line":179,"column":null}},"76":{"start":{"line":180,"column":6},"end":{"line":180,"column":null}},"77":{"start":{"line":185,"column":2},"end":{"line":185,"column":null}},"78":{"start":{"line":186,"column":2},"end":{"line":189,"column":null}},"79":{"start":{"line":187,"column":4},"end":{"line":187,"column":null}},"80":{"start":{"line":188,"column":4},"end":{"line":188,"column":null}},"81":{"start":{"line":190,"column":2},"end":{"line":190,"column":null}},"82":{"start":{"line":194,"column":2},"end":{"line":201,"column":null}},"83":{"start":{"line":195,"column":4},"end":{"line":200,"column":null}},"84":{"start":{"line":203,"column":2},"end":{"line":207,"column":null}},"85":{"start":{"line":204,"column":4},"end":{"line":206,"column":null}},"86":{"start":{"line":209,"column":2},"end":{"line":213,"column":null}},"87":{"start":{"line":210,"column":4},"end":{"line":212,"column":null}},"88":{"start":{"line":215,"column":2},"end":{"line":219,"column":null}},"89":{"start":{"line":216,"column":4},"end":{"line":218,"column":null}},"90":{"start":{"line":221,"column":2},"end":{"line":223,"column":null}},"91":{"start":{"line":227,"column":2},"end":{"line":229,"column":null}},"92":{"start":{"line":228,"column":4},"end":{"line":228,"column":null}},"93":{"start":{"line":231,"column":2},"end":{"line":239,"column":null}},"94":{"start":{"line":232,"column":4},"end":{"line":234,"column":null}},"95":{"start":{"line":233,"column":6},"end":{"line":233,"column":null}},"96":{"start":{"line":236,"column":4},"end":{"line":238,"column":null}},"97":{"start":{"line":237,"column":6},"end":{"line":237,"column":null}},"98":{"start":{"line":241,"column":2},"end":{"line":241,"column":null}},"99":{"start":{"line":245,"column":2},"end":{"line":245,"column":null}},"100":{"start":{"line":249,"column":2},"end":{"line":251,"column":null}},"101":{"start":{"line":250,"column":4},"end":{"line":250,"column":null}},"102":{"start":{"line":253,"column":2},"end":{"line":253,"column":null}},"103":{"start":{"line":258,"column":2},"end":{"line":260,"column":null}},"104":{"start":{"line":259,"column":4},"end":{"line":259,"column":null}},"105":{"start":{"line":262,"column":19},"end":{"line":262,"column":null}},"106":{"start":{"line":263,"column":23},"end":{"line":265,"column":null}},"107":{"start":{"line":267,"column":2},"end":{"line":269,"column":null}},"108":{"start":{"line":268,"column":4},"end":{"line":268,"column":null}},"109":{"start":{"line":271,"column":2},"end":{"line":283,"column":null}},"110":{"start":{"line":272,"column":4},"end":{"line":274,"column":null}},"111":{"start":{"line":273,"column":6},"end":{"line":273,"column":null}},"112":{"start":{"line":276,"column":4},"end":{"line":278,"column":null}},"113":{"start":{"line":277,"column":6},"end":{"line":277,"column":null}},"114":{"start":{"line":280,"column":4},"end":{"line":282,"column":null}},"115":{"start":{"line":281,"column":6},"end":{"line":281,"column":null}},"116":{"start":{"line":285,"column":2},"end":{"line":287,"column":null}},"117":{"start":{"line":286,"column":4},"end":{"line":286,"column":null}},"118":{"start":{"line":289,"column":2},"end":{"line":289,"column":null}},"119":{"start":{"line":293,"column":2},"end":{"line":295,"column":null}},"120":{"start":{"line":294,"column":4},"end":{"line":294,"column":null}},"121":{"start":{"line":297,"column":21},"end":{"line":301,"column":null}},"122":{"start":{"line":303,"column":2},"end":{"line":305,"column":null}},"123":{"start":{"line":304,"column":4},"end":{"line":304,"column":null}},"124":{"start":{"line":307,"column":2},"end":{"line":309,"column":null}},"125":{"start":{"line":308,"column":4},"end":{"line":308,"column":null}},"126":{"start":{"line":311,"column":2},"end":{"line":313,"column":null}},"127":{"start":{"line":312,"column":4},"end":{"line":312,"column":null}},"128":{"start":{"line":315,"column":2},"end":{"line":317,"column":null}},"129":{"start":{"line":316,"column":4},"end":{"line":316,"column":null}},"130":{"start":{"line":319,"column":2},"end":{"line":319,"column":null}},"131":{"start":{"line":323,"column":2},"end":{"line":323,"column":null}},"132":{"start":{"line":327,"column":2},"end":{"line":327,"column":null}},"133":{"start":{"line":331,"column":2},"end":{"line":333,"column":null}},"134":{"start":{"line":332,"column":4},"end":{"line":332,"column":null}},"135":{"start":{"line":335,"column":22},"end":{"line":335,"column":null}},"136":{"start":{"line":339,"column":2},"end":{"line":403,"column":null}},"137":{"start":{"line":339,"column":21},"end":{"line":339,"column":24}},"138":{"start":{"line":340,"column":22},"end":{"line":340,"column":null}},"139":{"start":{"line":342,"column":4},"end":{"line":348,"column":null}},"140":{"start":{"line":350,"column":4},"end":{"line":402,"column":null}},"141":{"start":{"line":351,"column":21},"end":{"line":353,"column":null}},"142":{"start":{"line":355,"column":19},"end":{"line":355,"column":null}},"143":{"start":{"line":356,"column":6},"end":{"line":358,"column":null}},"144":{"start":{"line":357,"column":8},"end":{"line":357,"column":null}},"145":{"start":{"line":360,"column":6},"end":{"line":366,"column":null}},"146":{"start":{"line":368,"column":6},"end":{"line":368,"column":null}},"147":{"start":{"line":370,"column":26},"end":{"line":370,"column":null}},"148":{"start":{"line":371,"column":24},"end":{"line":371,"column":null}},"149":{"start":{"line":373,"column":6},"end":{"line":383,"column":null}},"150":{"start":{"line":385,"column":6},"end":{"line":399,"column":null}},"151":{"start":{"line":386,"column":8},"end":{"line":396,"column":null}},"152":{"start":{"line":387,"column":10},"end":{"line":395,"column":null}},"153":{"start":{"line":398,"column":8},"end":{"line":398,"column":null}},"154":{"start":{"line":401,"column":6},"end":{"line":401,"column":null}},"155":{"start":{"line":407,"column":17},"end":{"line":407,"column":null}},"156":{"start":{"line":408,"column":2},"end":{"line":410,"column":null}},"157":{"start":{"line":409,"column":4},"end":{"line":409,"column":null}},"158":{"start":{"line":412,"column":2},"end":{"line":412,"column":null}}},"fnMap":{"0":{"name":"constructor","decl":{"start":{"line":25,"column":2},"end":{"line":25,"column":14}},"loc":{"start":{"line":25,"column":51},"end":{"line":30,"column":null}},"line":25},"1":{"name":"printFullProviderError","decl":{"start":{"line":33,"column":16},"end":{"line":33,"column":39}},"loc":{"start":{"line":33,"column":46},"end":{"line":70,"column":null}},"line":33},"2":{"name":"configureGeminiClient","decl":{"start":{"line":72,"column":22},"end":{"line":72,"column":44}},"loc":{"start":{"line":72,"column":52},"end":{"line":191,"column":null}},"line":72},"3":{"name":"getErrorMetadata","decl":{"start":{"line":193,"column":9},"end":{"line":193,"column":26}},"loc":{"start":{"line":193,"column":33},"end":{"line":224,"column":null}},"line":193},"4":{"name":"getRetryStatus","decl":{"start":{"line":226,"column":9},"end":{"line":226,"column":24}},"loc":{"start":{"line":226,"column":31},"end":{"line":242,"column":null}},"line":226},"5":{"name":"isRetryableStatus","decl":{"start":{"line":244,"column":9},"end":{"line":244,"column":27}},"loc":{"start":{"line":244,"column":35},"end":{"line":246,"column":null}},"line":244},"6":{"name":"isRetryableError","decl":{"start":{"line":248,"column":9},"end":{"line":248,"column":26}},"loc":{"start":{"line":248,"column":33},"end":{"line":254,"column":null}},"line":248},"7":{"name":"toPublicError","decl":{"start":{"line":257,"column":9},"end":{"line":257,"column":23}},"loc":{"start":{"line":257,"column":30},"end":{"line":290,"column":null}},"line":257},"8":{"name":"serializeSdkError","decl":{"start":{"line":292,"column":9},"end":{"line":292,"column":27}},"loc":{"start":{"line":292,"column":34},"end":{"line":320,"column":null}},"line":292},"9":{"name":"isConfigured","decl":{"start":{"line":322,"column":16},"end":{"line":322,"column":31}},"loc":{"start":{"line":322,"column":31},"end":{"line":324,"column":null}},"line":322},"10":{"name":"getSelectedModel","decl":{"start":{"line":326,"column":16},"end":{"line":326,"column":35}},"loc":{"start":{"line":326,"column":35},"end":{"line":328,"column":null}},"line":326},"11":{"name":"runGeminiPrompt","decl":{"start":{"line":330,"column":22},"end":{"line":330,"column":38}},"loc":{"start":{"line":330,"column":60},"end":{"line":404,"column":null}},"line":330},"12":{"name":"extractJson","decl":{"start":{"line":406,"column":16},"end":{"line":406,"column":28}},"loc":{"start":{"line":406,"column":34},"end":{"line":413,"column":null}},"line":406}},"branchMap":{"0":{"loc":{"start":{"line":25,"column":23},"end":{"line":25,"column":37}},"type":"default-arg","locations":[{"start":{"line":25,"column":32},"end":{"line":25,"column":37}}],"line":25},"1":{"loc":{"start":{"line":25,"column":37},"end":{"line":25,"column":51}},"type":"default-arg","locations":[{"start":{"line":25,"column":47},"end":{"line":25,"column":51}}],"line":25},"2":{"loc":{"start":{"line":35,"column":2},"end":{"line":39,"column":null}},"type":"if","locations":[{"start":{"line":35,"column":2},"end":{"line":39,"column":null}},{"start":{},"end":{}}],"line":35},"3":{"loc":{"start":{"line":41,"column":34},"end":{"line":41,"column":82}},"type":"binary-expr","locations":[{"start":{"line":41,"column":34},"end":{"line":41,"column":48}},{"start":{"line":41,"column":48},"end":{"line":41,"column":74}},{"start":{"line":41,"column":74},"end":{"line":41,"column":82}}],"line":41},"4":{"loc":{"start":{"line":41,"column":86},"end":{"line":41,"column":118}},"type":"binary-expr","locations":[{"start":{"line":41,"column":86},"end":{"line":41,"column":103}},{"start":{"line":41,"column":103},"end":{"line":41,"column":118}}],"line":41},"5":{"loc":{"start":{"line":43,"column":2},"end":{"line":47,"column":null}},"type":"if","locations":[{"start":{"line":43,"column":2},"end":{"line":47,"column":null}},{"start":{"line":45,"column":9},"end":{"line":47,"column":null}}],"line":43},"6":{"loc":{"start":{"line":49,"column":2},"end":{"line":53,"column":null}},"type":"if","locations":[{"start":{"line":49,"column":2},"end":{"line":53,"column":null}},{"start":{"line":51,"column":9},"end":{"line":53,"column":null}}],"line":49},"7":{"loc":{"start":{"line":49,"column":6},"end":{"line":49,"column":56}},"type":"binary-expr","locations":[{"start":{"line":49,"column":6},"end":{"line":49,"column":42}},{"start":{"line":49,"column":42},"end":{"line":49,"column":56}}],"line":49},"8":{"loc":{"start":{"line":55,"column":2},"end":{"line":59,"column":null}},"type":"if","locations":[{"start":{"line":55,"column":2},"end":{"line":59,"column":null}},{"start":{"line":57,"column":9},"end":{"line":59,"column":null}}],"line":55},"9":{"loc":{"start":{"line":61,"column":2},"end":{"line":67,"column":null}},"type":"if","locations":[{"start":{"line":61,"column":2},"end":{"line":67,"column":null}},{"start":{"line":63,"column":9},"end":{"line":67,"column":null}}],"line":61},"10":{"loc":{"start":{"line":63,"column":9},"end":{"line":67,"column":null}},"type":"if","locations":[{"start":{"line":63,"column":9},"end":{"line":67,"column":null}},{"start":{"line":65,"column":9},"end":{"line":67,"column":null}}],"line":63},"11":{"loc":{"start":{"line":73,"column":2},"end":{"line":75,"column":null}},"type":"if","locations":[{"start":{"line":73,"column":2},"end":{"line":75,"column":null}},{"start":{},"end":{}}],"line":73},"12":{"loc":{"start":{"line":77,"column":25},"end":{"line":77,"column":null}},"type":"binary-expr","locations":[{"start":{"line":77,"column":25},"end":{"line":77,"column":54}},{"start":{"line":77,"column":54},"end":{"line":77,"column":null}}],"line":77},"13":{"loc":{"start":{"line":82,"column":2},"end":{"line":84,"column":null}},"type":"if","locations":[{"start":{"line":82,"column":2},"end":{"line":84,"column":null}},{"start":{},"end":{}}],"line":82},"14":{"loc":{"start":{"line":82,"column":6},"end":{"line":82,"column":68}},"type":"binary-expr","locations":[{"start":{"line":82,"column":6},"end":{"line":82,"column":24}},{"start":{"line":82,"column":24},"end":{"line":82,"column":68}}],"line":82},"15":{"loc":{"start":{"line":86,"column":4},"end":{"line":88,"column":null}},"type":"if","locations":[{"start":{"line":86,"column":4},"end":{"line":88,"column":null}},{"start":{},"end":{}}],"line":86},"16":{"loc":{"start":{"line":102,"column":20},"end":{"line":102,"column":null}},"type":"cond-expr","locations":[{"start":{"line":102,"column":36},"end":{"line":102,"column":64}},{"start":{"line":102,"column":64},"end":{"line":102,"column":null}}],"line":102},"17":{"loc":{"start":{"line":137,"column":30},"end":{"line":137,"column":null}},"type":"binary-expr","locations":[{"start":{"line":137,"column":30},"end":{"line":137,"column":56}},{"start":{"line":137,"column":56},"end":{"line":137,"column":70}},{"start":{"line":137,"column":70},"end":{"line":137,"column":null}}],"line":137},"18":{"loc":{"start":{"line":138,"column":10},"end":{"line":140,"column":null}},"type":"if","locations":[{"start":{"line":138,"column":10},"end":{"line":140,"column":null}},{"start":{},"end":{}}],"line":138},"19":{"loc":{"start":{"line":138,"column":14},"end":{"line":138,"column":56}},"type":"binary-expr","locations":[{"start":{"line":138,"column":14},"end":{"line":138,"column":42}},{"start":{"line":138,"column":42},"end":{"line":138,"column":56}}],"line":138},"20":{"loc":{"start":{"line":148,"column":6},"end":{"line":150,"column":null}},"type":"if","locations":[{"start":{"line":148,"column":6},"end":{"line":150,"column":null}},{"start":{},"end":{}}],"line":148},"21":{"loc":{"start":{"line":186,"column":2},"end":{"line":189,"column":null}},"type":"if","locations":[{"start":{"line":186,"column":2},"end":{"line":189,"column":null}},{"start":{},"end":{}}],"line":186},"22":{"loc":{"start":{"line":188,"column":18},"end":{"line":188,"column":67}},"type":"binary-expr","locations":[{"start":{"line":188,"column":18},"end":{"line":188,"column":37}},{"start":{"line":188,"column":37},"end":{"line":188,"column":58}},{"start":{"line":188,"column":58},"end":{"line":188,"column":67}}],"line":188},"23":{"loc":{"start":{"line":190,"column":8},"end":{"line":190,"column":null}},"type":"binary-expr","locations":[{"start":{"line":190,"column":8},"end":{"line":190,"column":21}},{"start":{"line":190,"column":21},"end":{"line":190,"column":null}}],"line":190},"24":{"loc":{"start":{"line":194,"column":2},"end":{"line":201,"column":null}},"type":"if","locations":[{"start":{"line":194,"column":2},"end":{"line":201,"column":null}},{"start":{},"end":{}}],"line":194},"25":{"loc":{"start":{"line":203,"column":2},"end":{"line":207,"column":null}},"type":"if","locations":[{"start":{"line":203,"column":2},"end":{"line":207,"column":null}},{"start":{},"end":{}}],"line":203},"26":{"loc":{"start":{"line":209,"column":2},"end":{"line":213,"column":null}},"type":"if","locations":[{"start":{"line":209,"column":2},"end":{"line":213,"column":null}},{"start":{},"end":{}}],"line":209},"27":{"loc":{"start":{"line":215,"column":2},"end":{"line":219,"column":null}},"type":"if","locations":[{"start":{"line":215,"column":2},"end":{"line":219,"column":null}},{"start":{},"end":{}}],"line":215},"28":{"loc":{"start":{"line":227,"column":2},"end":{"line":229,"column":null}},"type":"if","locations":[{"start":{"line":227,"column":2},"end":{"line":229,"column":null}},{"start":{},"end":{}}],"line":227},"29":{"loc":{"start":{"line":231,"column":2},"end":{"line":239,"column":null}},"type":"if","locations":[{"start":{"line":231,"column":2},"end":{"line":239,"column":null}},{"start":{},"end":{}}],"line":231},"30":{"loc":{"start":{"line":231,"column":6},"end":{"line":231,"column":51}},"type":"binary-expr","locations":[{"start":{"line":231,"column":6},"end":{"line":231,"column":35}},{"start":{"line":231,"column":35},"end":{"line":231,"column":51}}],"line":231},"31":{"loc":{"start":{"line":232,"column":4},"end":{"line":234,"column":null}},"type":"if","locations":[{"start":{"line":232,"column":4},"end":{"line":234,"column":null}},{"start":{},"end":{}}],"line":232},"32":{"loc":{"start":{"line":236,"column":4},"end":{"line":238,"column":null}},"type":"if","locations":[{"start":{"line":236,"column":4},"end":{"line":238,"column":null}},{"start":{},"end":{}}],"line":236},"33":{"loc":{"start":{"line":245,"column":9},"end":{"line":245,"column":null}},"type":"binary-expr","locations":[{"start":{"line":245,"column":9},"end":{"line":245,"column":27}},{"start":{"line":245,"column":27},"end":{"line":245,"column":45}},{"start":{"line":245,"column":45},"end":{"line":245,"column":64}},{"start":{"line":245,"column":64},"end":{"line":245,"column":94}},{"start":{"line":245,"column":94},"end":{"line":245,"column":null}}],"line":245},"34":{"loc":{"start":{"line":249,"column":2},"end":{"line":251,"column":null}},"type":"if","locations":[{"start":{"line":249,"column":2},"end":{"line":251,"column":null}},{"start":{},"end":{}}],"line":249},"35":{"loc":{"start":{"line":258,"column":2},"end":{"line":260,"column":null}},"type":"if","locations":[{"start":{"line":258,"column":2},"end":{"line":260,"column":null}},{"start":{},"end":{}}],"line":258},"36":{"loc":{"start":{"line":267,"column":2},"end":{"line":269,"column":null}},"type":"if","locations":[{"start":{"line":267,"column":2},"end":{"line":269,"column":null}},{"start":{},"end":{}}],"line":267},"37":{"loc":{"start":{"line":271,"column":2},"end":{"line":283,"column":null}},"type":"if","locations":[{"start":{"line":271,"column":2},"end":{"line":283,"column":null}},{"start":{},"end":{}}],"line":271},"38":{"loc":{"start":{"line":272,"column":4},"end":{"line":274,"column":null}},"type":"if","locations":[{"start":{"line":272,"column":4},"end":{"line":274,"column":null}},{"start":{},"end":{}}],"line":272},"39":{"loc":{"start":{"line":276,"column":4},"end":{"line":278,"column":null}},"type":"if","locations":[{"start":{"line":276,"column":4},"end":{"line":278,"column":null}},{"start":{},"end":{}}],"line":276},"40":{"loc":{"start":{"line":276,"column":8},"end":{"line":276,"column":114}},"type":"binary-expr","locations":[{"start":{"line":276,"column":8},"end":{"line":276,"column":35}},{"start":{"line":276,"column":35},"end":{"line":276,"column":62}},{"start":{"line":276,"column":62},"end":{"line":276,"column":89}},{"start":{"line":276,"column":89},"end":{"line":276,"column":114}}],"line":276},"41":{"loc":{"start":{"line":280,"column":4},"end":{"line":282,"column":null}},"type":"if","locations":[{"start":{"line":280,"column":4},"end":{"line":282,"column":null}},{"start":{},"end":{}}],"line":280},"42":{"loc":{"start":{"line":280,"column":8},"end":{"line":280,"column":51}},"type":"binary-expr","locations":[{"start":{"line":280,"column":8},"end":{"line":280,"column":27}},{"start":{"line":280,"column":27},"end":{"line":280,"column":51}}],"line":280},"43":{"loc":{"start":{"line":285,"column":2},"end":{"line":287,"column":null}},"type":"if","locations":[{"start":{"line":285,"column":2},"end":{"line":287,"column":null}},{"start":{},"end":{}}],"line":285},"44":{"loc":{"start":{"line":293,"column":2},"end":{"line":295,"column":null}},"type":"if","locations":[{"start":{"line":293,"column":2},"end":{"line":295,"column":null}},{"start":{},"end":{}}],"line":293},"45":{"loc":{"start":{"line":303,"column":2},"end":{"line":305,"column":null}},"type":"if","locations":[{"start":{"line":303,"column":2},"end":{"line":305,"column":null}},{"start":{},"end":{}}],"line":303},"46":{"loc":{"start":{"line":307,"column":2},"end":{"line":309,"column":null}},"type":"if","locations":[{"start":{"line":307,"column":2},"end":{"line":309,"column":null}},{"start":{},"end":{}}],"line":307},"47":{"loc":{"start":{"line":311,"column":2},"end":{"line":313,"column":null}},"type":"if","locations":[{"start":{"line":311,"column":2},"end":{"line":313,"column":null}},{"start":{},"end":{}}],"line":311},"48":{"loc":{"start":{"line":311,"column":6},"end":{"line":311,"column":68}},"type":"binary-expr","locations":[{"start":{"line":311,"column":6},"end":{"line":311,"column":33}},{"start":{"line":311,"column":33},"end":{"line":311,"column":68}}],"line":311},"49":{"loc":{"start":{"line":315,"column":2},"end":{"line":317,"column":null}},"type":"if","locations":[{"start":{"line":315,"column":2},"end":{"line":317,"column":null}},{"start":{},"end":{}}],"line":315},"50":{"loc":{"start":{"line":315,"column":6},"end":{"line":315,"column":59}},"type":"binary-expr","locations":[{"start":{"line":315,"column":6},"end":{"line":315,"column":29}},{"start":{"line":315,"column":29},"end":{"line":315,"column":59}}],"line":315},"51":{"loc":{"start":{"line":327,"column":9},"end":{"line":327,"column":null}},"type":"cond-expr","locations":[{"start":{"line":327,"column":35},"end":{"line":327,"column":60}},{"start":{"line":327,"column":60},"end":{"line":327,"column":null}}],"line":327},"52":{"loc":{"start":{"line":330,"column":46},"end":{"line":330,"column":60}},"type":"default-arg","locations":[{"start":{"line":330,"column":56},"end":{"line":330,"column":60}}],"line":330},"53":{"loc":{"start":{"line":331,"column":2},"end":{"line":333,"column":null}},"type":"if","locations":[{"start":{"line":331,"column":2},"end":{"line":333,"column":null}},{"start":{},"end":{}}],"line":331},"54":{"loc":{"start":{"line":343,"column":16},"end":{"line":343,"column":null}},"type":"binary-expr","locations":[{"start":{"line":343,"column":16},"end":{"line":343,"column":36}},{"start":{"line":343,"column":36},"end":{"line":343,"column":null}}],"line":343},"55":{"loc":{"start":{"line":344,"column":17},"end":{"line":344,"column":null}},"type":"binary-expr","locations":[{"start":{"line":344,"column":17},"end":{"line":344,"column":38}},{"start":{"line":344,"column":38},"end":{"line":344,"column":null}}],"line":344},"56":{"loc":{"start":{"line":356,"column":6},"end":{"line":358,"column":null}},"type":"if","locations":[{"start":{"line":356,"column":6},"end":{"line":358,"column":null}},{"start":{},"end":{}}],"line":356},"57":{"loc":{"start":{"line":361,"column":18},"end":{"line":361,"column":null}},"type":"binary-expr","locations":[{"start":{"line":361,"column":18},"end":{"line":361,"column":38}},{"start":{"line":361,"column":38},"end":{"line":361,"column":null}}],"line":361},"58":{"loc":{"start":{"line":362,"column":19},"end":{"line":362,"column":null}},"type":"binary-expr","locations":[{"start":{"line":362,"column":19},"end":{"line":362,"column":40}},{"start":{"line":362,"column":40},"end":{"line":362,"column":null}}],"line":362},"59":{"loc":{"start":{"line":371,"column":24},"end":{"line":371,"column":null}},"type":"binary-expr","locations":[{"start":{"line":371,"column":24},"end":{"line":371,"column":51}},{"start":{"line":371,"column":51},"end":{"line":371,"column":null}}],"line":371},"60":{"loc":{"start":{"line":373,"column":17},"end":{"line":373,"column":47}},"type":"cond-expr","locations":[{"start":{"line":373,"column":29},"end":{"line":373,"column":38}},{"start":{"line":373,"column":38},"end":{"line":373,"column":47}}],"line":373},"61":{"loc":{"start":{"line":373,"column":47},"end":{"line":373,"column":101}},"type":"cond-expr","locations":[{"start":{"line":373,"column":59},"end":{"line":373,"column":80}},{"start":{"line":373,"column":80},"end":{"line":373,"column":101}}],"line":373},"62":{"loc":{"start":{"line":374,"column":18},"end":{"line":374,"column":null}},"type":"binary-expr","locations":[{"start":{"line":374,"column":18},"end":{"line":374,"column":38}},{"start":{"line":374,"column":38},"end":{"line":374,"column":null}}],"line":374},"63":{"loc":{"start":{"line":375,"column":19},"end":{"line":375,"column":null}},"type":"binary-expr","locations":[{"start":{"line":375,"column":19},"end":{"line":375,"column":40}},{"start":{"line":375,"column":40},"end":{"line":375,"column":null}}],"line":375},"64":{"loc":{"start":{"line":385,"column":6},"end":{"line":399,"column":null}},"type":"if","locations":[{"start":{"line":385,"column":6},"end":{"line":399,"column":null}},{"start":{},"end":{}}],"line":385},"65":{"loc":{"start":{"line":385,"column":10},"end":{"line":385,"column":49}},"type":"binary-expr","locations":[{"start":{"line":385,"column":10},"end":{"line":385,"column":24}},{"start":{"line":385,"column":24},"end":{"line":385,"column":49}}],"line":385},"66":{"loc":{"start":{"line":386,"column":8},"end":{"line":396,"column":null}},"type":"if","locations":[{"start":{"line":386,"column":8},"end":{"line":396,"column":null}},{"start":{},"end":{}}],"line":386},"67":{"loc":{"start":{"line":388,"column":16},"end":{"line":388,"column":null}},"type":"binary-expr","locations":[{"start":{"line":388,"column":16},"end":{"line":388,"column":39}},{"start":{"line":388,"column":39},"end":{"line":388,"column":null}}],"line":388},"68":{"loc":{"start":{"line":389,"column":22},"end":{"line":389,"column":null}},"type":"binary-expr","locations":[{"start":{"line":389,"column":22},"end":{"line":389,"column":42}},{"start":{"line":389,"column":42},"end":{"line":389,"column":null}}],"line":389},"69":{"loc":{"start":{"line":390,"column":23},"end":{"line":390,"column":null}},"type":"binary-expr","locations":[{"start":{"line":390,"column":23},"end":{"line":390,"column":44}},{"start":{"line":390,"column":44},"end":{"line":390,"column":null}}],"line":390},"70":{"loc":{"start":{"line":408,"column":2},"end":{"line":410,"column":null}},"type":"if","locations":[{"start":{"line":408,"column":2},"end":{"line":410,"column":null}},{"start":{},"end":{}}],"line":408}},"s":{"0":1,"1":13,"2":13,"3":13,"4":13,"5":15,"6":15,"7":1,"8":1,"9":1,"10":14,"11":15,"12":13,"13":1,"14":14,"15":0,"16":14,"17":14,"18":0,"19":14,"20":14,"21":0,"22":14,"23":0,"24":14,"25":14,"26":17,"27":1,"28":16,"29":17,"30":17,"31":17,"32":16,"33":16,"34":80,"35":67,"36":16,"37":16,"38":16,"39":16,"40":16,"41":16,"42":27,"43":27,"44":27,"45":27,"46":27,"47":27,"48":27,"49":27,"50":27,"51":27,"52":27,"53":27,"54":28,"55":28,"56":20,"57":8,"58":8,"59":7,"60":1,"61":1,"62":1,"63":20,"64":20,"65":6,"66":14,"67":14,"68":14,"69":14,"70":13,"71":13,"72":13,"73":13,"74":13,"75":13,"76":13,"77":2,"78":2,"79":2,"80":2,"81":2,"82":23,"83":10,"84":13,"85":4,"86":9,"87":2,"88":7,"89":2,"90":5,"91":18,"92":6,"93":12,"94":11,"95":1,"96":10,"97":1,"98":10,"99":22,"100":20,"101":2,"102":18,"103":12,"104":1,"105":11,"106":11,"107":11,"108":2,"109":9,"110":5,"111":3,"112":2,"113":1,"114":1,"115":1,"116":4,"117":1,"118":3,"119":17,"120":2,"121":15,"122":15,"123":8,"124":15,"125":1,"126":15,"127":1,"128":15,"129":1,"130":15,"131":2,"132":2,"133":13,"134":1,"135":12,"136":12,"137":12,"138":18,"139":18,"140":18,"141":18,"142":7,"143":7,"144":1,"145":6,"146":18,"147":12,"148":12,"149":12,"150":12,"151":6,"152":6,"153":6,"154":6,"155":2,"156":2,"157":1,"158":1},"f":{"0":13,"1":15,"2":17,"3":23,"4":18,"5":22,"6":20,"7":12,"8":17,"9":2,"10":2,"11":13,"12":2},"b":{"0":[13],"1":[13],"2":[1,14],"3":[14,1,0],"4":[15,1],"5":[13,1],"6":[0,14],"7":[14,14],"8":[0,14],"9":[0,14],"10":[0,14],"11":[1,16],"12":[16,0],"13":[16,1],"14":[17,16],"15":[67,13],"16":[27,0],"17":[8,7,0],"18":[7,1],"19":[8,8],"20":[6,14],"21":[2,0],"22":[2,0,0],"23":[2,0],"24":[10,13],"25":[4,9],"26":[2,7],"27":[2,5],"28":[6,12],"29":[11,1],"30":[12,11],"31":[1,10],"32":[1,9],"33":[22,18,14,14,4],"34":[2,18],"35":[1,11],"36":[2,9],"37":[5,4],"38":[3,2],"39":[1,1],"40":[2,2,2,1],"41":[1,0],"42":[1,1],"43":[1,3],"44":[2,15],"45":[8,7],"46":[1,14],"47":[1,14],"48":[15,1],"49":[1,14],"50":[15,1],"51":[1,1],"52":[13],"53":[1,12],"54":[18,1],"55":[18,18],"56":[1,6],"57":[6,1],"58":[18,6],"59":[12,4],"60":[11,1],"61":[11,1],"62":[12,0],"63":[12,12],"64":[6,6],"65":[12,11],"66":[6,0],"67":[6,0],"68":[6,0],"69":[6,6],"70":[1,1]},"meta":{"lastBranch":71,"lastFunction":13,"lastStatement":159,"seen":{"s:14:21:22:Infinity":0,"f:25:2:25:14":0,"b:25:32:25:37":0,"b:25:47:25:51":1,"s:26:4:26:Infinity":1,"s:27:4:27:Infinity":2,"s:28:4:28:Infinity":3,"s:29:4:29:Infinity":4,"f:33:16:33:39":1,"s:34:2:34:Infinity":5,"b:35:2:39:Infinity:undefined:undefined:undefined:undefined":2,"s:35:2:39:Infinity":6,"s:36:4:36:Infinity":7,"s:37:4:37:Infinity":8,"s:38:4:38:Infinity":9,"s:41:2:41:Infinity":10,"b:41:34:41:48:41:48:41:74:41:74:41:82":3,"b:41:86:41:103:41:103:41:118":4,"b:43:2:47:Infinity:45:9:47:Infinity":5,"s:43:2:47:Infinity":11,"s:44:4:44:Infinity":12,"s:46:4:46:Infinity":13,"b:49:2:53:Infinity:51:9:53:Infinity":6,"s:49:2:53:Infinity":14,"b:49:6:49:42:49:42:49:56":7,"s:50:4:50:Infinity":15,"s:52:4:52:Infinity":16,"b:55:2:59:Infinity:57:9:59:Infinity":8,"s:55:2:59:Infinity":17,"s:56:4:56:Infinity":18,"s:58:4:58:Infinity":19,"b:61:2:67:Infinity:63:9:67:Infinity":9,"s:61:2:67:Infinity":20,"s:62:4:62:Infinity":21,"b:63:9:67:Infinity:65:9:67:Infinity":10,"s:63:9:67:Infinity":22,"s:64:4:64:Infinity":23,"s:66:4:66:Infinity":24,"s:69:2:69:Infinity":25,"f:72:22:72:44":2,"b:73:2:75:Infinity:undefined:undefined:undefined:undefined":11,"s:73:2:75:Infinity":26,"s:74:4:74:Infinity":27,"s:77:25:77:Infinity":28,"b:77:25:77:54:77:54:77:Infinity":12,"s:80:20:80:Infinity":29,"s:81:21:81:Infinity":30,"b:82:2:84:Infinity:undefined:undefined:undefined:undefined":13,"s:82:2:84:Infinity":31,"b:82:6:82:24:82:24:82:68":14,"s:83:4:83:Infinity":32,"s:85:2:89:Infinity":33,"b:86:4:88:Infinity:undefined:undefined:undefined:undefined":15,"s:86:4:88:Infinity":34,"s:87:6:87:Infinity":35,"s:91:2:91:Infinity":36,"s:92:2:92:Infinity":37,"s:93:2:93:Infinity":38,"s:95:18:95:Infinity":39,"s:97:2:182:Infinity":40,"s:97:15:97:18":41,"s:98:22:98:Infinity":42,"s:100:20:107:Infinity":43,"b:102:36:102:64:102:64:102:Infinity":16,"s:109:4:181:Infinity":44,"s:110:6:110:Infinity":45,"s:111:6:111:Infinity":46,"s:113:6:116:Infinity":47,"s:117:6:117:Infinity":48,"s:120:6:125:Infinity":49,"s:128:23:128:Infinity":50,"s:129:27:129:Infinity":51,"s:130:6:145:Infinity":52,"s:130:25:130:28":53,"s:131:8:144:Infinity":54,"s:132:10:134:Infinity":55,"s:135:10:135:Infinity":56,"s:137:30:137:Infinity":57,"b:137:30:137:56:137:56:137:70:137:70:137:Infinity":17,"b:138:10:140:Infinity:undefined:undefined:undefined:undefined":18,"s:138:10:140:Infinity":58,"b:138:14:138:42:138:42:138:56":19,"s:139:12:139:Infinity":59,"s:141:24:141:Infinity":60,"s:142:10:142:Infinity":61,"s:143:10:143:Infinity":62,"s:147:19:147:Infinity":63,"b:148:6:150:Infinity:undefined:undefined:undefined:undefined":20,"s:148:6:150:Infinity":64,"s:149:8:149:Infinity":65,"s:153:6:153:Infinity":66,"s:154:6:154:Infinity":67,"s:156:6:162:Infinity":68,"s:164:6:164:Infinity":69,"s:166:6:166:Infinity":70,"s:168:6:173:Infinity":71,"s:175:6:175:Infinity":72,"s:176:6:176:Infinity":73,"s:178:6:178:Infinity":74,"s:179:6:179:Infinity":75,"s:180:6:180:Infinity":76,"s:185:2:185:Infinity":77,"b:186:2:189:Infinity:undefined:undefined:undefined:undefined":21,"s:186:2:189:Infinity":78,"s:187:4:187:Infinity":79,"s:188:4:188:Infinity":80,"b:188:18:188:37:188:37:188:58:188:58:188:67":22,"s:190:2:190:Infinity":81,"b:190:8:190:21:190:21:190:Infinity":23,"f:193:9:193:26":3,"b:194:2:201:Infinity:undefined:undefined:undefined:undefined":24,"s:194:2:201:Infinity":82,"s:195:4:200:Infinity":83,"b:203:2:207:Infinity:undefined:undefined:undefined:undefined":25,"s:203:2:207:Infinity":84,"s:204:4:206:Infinity":85,"b:209:2:213:Infinity:undefined:undefined:undefined:undefined":26,"s:209:2:213:Infinity":86,"s:210:4:212:Infinity":87,"b:215:2:219:Infinity:undefined:undefined:undefined:undefined":27,"s:215:2:219:Infinity":88,"s:216:4:218:Infinity":89,"s:221:2:223:Infinity":90,"f:226:9:226:24":4,"b:227:2:229:Infinity:undefined:undefined:undefined:undefined":28,"s:227:2:229:Infinity":91,"s:228:4:228:Infinity":92,"b:231:2:239:Infinity:undefined:undefined:undefined:undefined":29,"s:231:2:239:Infinity":93,"b:231:6:231:35:231:35:231:51":30,"b:232:4:234:Infinity:undefined:undefined:undefined:undefined":31,"s:232:4:234:Infinity":94,"s:233:6:233:Infinity":95,"b:236:4:238:Infinity:undefined:undefined:undefined:undefined":32,"s:236:4:238:Infinity":96,"s:237:6:237:Infinity":97,"s:241:2:241:Infinity":98,"f:244:9:244:27":5,"s:245:2:245:Infinity":99,"b:245:9:245:27:245:27:245:45:245:45:245:64:245:64:245:94:245:94:245:Infinity":33,"f:248:9:248:26":6,"b:249:2:251:Infinity:undefined:undefined:undefined:undefined":34,"s:249:2:251:Infinity":100,"s:250:4:250:Infinity":101,"s:253:2:253:Infinity":102,"f:257:9:257:23":7,"b:258:2:260:Infinity:undefined:undefined:undefined:undefined":35,"s:258:2:260:Infinity":103,"s:259:4:259:Infinity":104,"s:262:19:262:Infinity":105,"s:263:23:265:Infinity":106,"b:267:2:269:Infinity:undefined:undefined:undefined:undefined":36,"s:267:2:269:Infinity":107,"s:268:4:268:Infinity":108,"b:271:2:283:Infinity:undefined:undefined:undefined:undefined":37,"s:271:2:283:Infinity":109,"b:272:4:274:Infinity:undefined:undefined:undefined:undefined":38,"s:272:4:274:Infinity":110,"s:273:6:273:Infinity":111,"b:276:4:278:Infinity:undefined:undefined:undefined:undefined":39,"s:276:4:278:Infinity":112,"b:276:8:276:35:276:35:276:62:276:62:276:89:276:89:276:114":40,"s:277:6:277:Infinity":113,"b:280:4:282:Infinity:undefined:undefined:undefined:undefined":41,"s:280:4:282:Infinity":114,"b:280:8:280:27:280:27:280:51":42,"s:281:6:281:Infinity":115,"b:285:2:287:Infinity:undefined:undefined:undefined:undefined":43,"s:285:2:287:Infinity":116,"s:286:4:286:Infinity":117,"s:289:2:289:Infinity":118,"f:292:9:292:27":8,"b:293:2:295:Infinity:undefined:undefined:undefined:undefined":44,"s:293:2:295:Infinity":119,"s:294:4:294:Infinity":120,"s:297:21:301:Infinity":121,"b:303:2:305:Infinity:undefined:undefined:undefined:undefined":45,"s:303:2:305:Infinity":122,"s:304:4:304:Infinity":123,"b:307:2:309:Infinity:undefined:undefined:undefined:undefined":46,"s:307:2:309:Infinity":124,"s:308:4:308:Infinity":125,"b:311:2:313:Infinity:undefined:undefined:undefined:undefined":47,"s:311:2:313:Infinity":126,"b:311:6:311:33:311:33:311:68":48,"s:312:4:312:Infinity":127,"b:315:2:317:Infinity:undefined:undefined:undefined:undefined":49,"s:315:2:317:Infinity":128,"b:315:6:315:29:315:29:315:59":50,"s:316:4:316:Infinity":129,"s:319:2:319:Infinity":130,"f:322:16:322:31":9,"s:323:2:323:Infinity":131,"f:326:16:326:35":10,"s:327:2:327:Infinity":132,"b:327:35:327:60:327:60:327:Infinity":51,"f:330:22:330:38":11,"b:330:56:330:60":52,"b:331:2:333:Infinity:undefined:undefined:undefined:undefined":53,"s:331:2:333:Infinity":133,"s:332:4:332:Infinity":134,"s:335:22:335:Infinity":135,"s:339:2:403:Infinity":136,"s:339:21:339:24":137,"s:340:22:340:Infinity":138,"s:342:4:348:Infinity":139,"b:343:16:343:36:343:36:343:Infinity":54,"b:344:17:344:38:344:38:344:Infinity":55,"s:350:4:402:Infinity":140,"s:351:21:353:Infinity":141,"s:355:19:355:Infinity":142,"b:356:6:358:Infinity:undefined:undefined:undefined:undefined":56,"s:356:6:358:Infinity":143,"s:357:8:357:Infinity":144,"s:360:6:366:Infinity":145,"b:361:18:361:38:361:38:361:Infinity":57,"b:362:19:362:40:362:40:362:Infinity":58,"s:368:6:368:Infinity":146,"s:370:26:370:Infinity":147,"s:371:24:371:Infinity":148,"b:371:24:371:51:371:51:371:Infinity":59,"s:373:6:383:Infinity":149,"b:373:29:373:38:373:38:373:47":60,"b:373:59:373:80:373:80:373:101":61,"b:374:18:374:38:374:38:374:Infinity":62,"b:375:19:375:40:375:40:375:Infinity":63,"b:385:6:399:Infinity:undefined:undefined:undefined:undefined":64,"s:385:6:399:Infinity":150,"b:385:10:385:24:385:24:385:49":65,"b:386:8:396:Infinity:undefined:undefined:undefined:undefined":66,"s:386:8:396:Infinity":151,"s:387:10:395:Infinity":152,"b:388:16:388:39:388:39:388:Infinity":67,"b:389:22:389:42:389:42:389:Infinity":68,"b:390:23:390:44:390:44:390:Infinity":69,"s:398:8:398:Infinity":153,"s:401:6:401:Infinity":154,"f:406:16:406:28":12,"s:407:17:407:Infinity":155,"b:408:2:410:Infinity:undefined:undefined:undefined:undefined":70,"s:408:2:410:Infinity":156,"s:409:4:409:Infinity":157,"s:412:2:412:Infinity":158},"fnNames":{}}}
,"/Users/tanaysharma/Desktop/FIFA/server/services/logger.js": {"path":"/Users/tanaysharma/Desktop/FIFA/server/services/logger.js","statementMap":{"0":{"start":{"line":2,"column":18},"end":{"line":7,"column":null}},"1":{"start":{"line":9,"column":2},"end":{"line":9,"column":null}}},"fnMap":{"0":{"name":"logAiEvent","decl":{"start":{"line":1,"column":16},"end":{"line":1,"column":27}},"loc":{"start":{"line":1,"column":55},"end":{"line":10,"column":null}},"line":1}},"branchMap":{"0":{"loc":{"start":{"line":1,"column":41},"end":{"line":1,"column":55}},"type":"default-arg","locations":[{"start":{"line":1,"column":51},"end":{"line":1,"column":55}}],"line":1}},"s":{"0":36,"1":36},"f":{"0":36},"b":{"0":[36]},"meta":{"lastBranch":1,"lastFunction":1,"lastStatement":2,"seen":{"f:1:16:1:27":0,"b:1:51:1:55":0,"s:2:18:7:Infinity":0,"s:9:2:9:Infinity":1},"fnNames":{}}}
,"/Users/tanaysharma/Desktop/FIFA/server/services/prompts.js": {"path":"/Users/tanaysharma/Desktop/FIFA/server/services/prompts.js","statementMap":{"0":{"start":{"line":2,"column":2},"end":{"line":17,"column":null}},"1":{"start":{"line":21,"column":2},"end":{"line":26,"column":null}},"2":{"start":{"line":30,"column":2},"end":{"line":44,"column":null}},"3":{"start":{"line":48,"column":2},"end":{"line":58,"column":null}},"4":{"start":{"line":62,"column":2},"end":{"line":75,"column":null}}},"fnMap":{"0":{"name":"buildStadiumAssistantPrompt","decl":{"start":{"line":1,"column":16},"end":{"line":1,"column":44}},"loc":{"start":{"line":1,"column":67},"end":{"line":18,"column":null}},"line":1},"1":{"name":"buildCrowdAnalysisPrompt","decl":{"start":{"line":20,"column":16},"end":{"line":20,"column":41}},"loc":{"start":{"line":20,"column":52},"end":{"line":27,"column":null}},"line":20},"2":{"name":"buildIncidentReportPrompt","decl":{"start":{"line":29,"column":16},"end":{"line":29,"column":42}},"loc":{"start":{"line":29,"column":79},"end":{"line":45,"column":null}},"line":29},"3":{"name":"buildTranslationPrompt","decl":{"start":{"line":47,"column":16},"end":{"line":47,"column":39}},"loc":{"start":{"line":47,"column":65},"end":{"line":59,"column":null}},"line":47},"4":{"name":"buildEmergencyDecisionPrompt","decl":{"start":{"line":61,"column":16},"end":{"line":61,"column":45}},"loc":{"start":{"line":61,"column":68},"end":{"line":76,"column":null}},"line":61}},"branchMap":{"0":{"loc":{"start":{"line":16,"column":26},"end":{"line":16,"column":39}},"type":"binary-expr","locations":[{"start":{"line":16,"column":26},"end":{"line":16,"column":37}},{"start":{"line":16,"column":37},"end":{"line":16,"column":39}}],"line":16},"1":{"loc":{"start":{"line":42,"column":12},"end":{"line":42,"column":null}},"type":"binary-expr","locations":[{"start":{"line":42,"column":12},"end":{"line":42,"column":24}},{"start":{"line":42,"column":24},"end":{"line":42,"column":null}}],"line":42},"2":{"loc":{"start":{"line":43,"column":12},"end":{"line":43,"column":null}},"type":"binary-expr","locations":[{"start":{"line":43,"column":12},"end":{"line":43,"column":24}},{"start":{"line":43,"column":24},"end":{"line":43,"column":null}}],"line":43},"3":{"loc":{"start":{"line":74,"column":11},"end":{"line":74,"column":null}},"type":"binary-expr","locations":[{"start":{"line":74,"column":11},"end":{"line":74,"column":22}},{"start":{"line":74,"column":22},"end":{"line":74,"column":null}}],"line":74}},"s":{"0":2,"1":1,"2":2,"3":1,"4":2},"f":{"0":2,"1":1,"2":2,"3":1,"4":2},"b":{"0":[2,1],"1":[2,1],"2":[2,1],"3":[2,1]},"meta":{"lastBranch":4,"lastFunction":5,"lastStatement":5,"seen":{"f:1:16:1:44":0,"s:2:2:17:Infinity":0,"b:16:26:16:37:16:37:16:39":0,"f:20:16:20:41":1,"s:21:2:26:Infinity":1,"f:29:16:29:42":2,"s:30:2:44:Infinity":2,"b:42:12:42:24:42:24:42:Infinity":1,"b:43:12:43:24:43:24:43:Infinity":2,"f:47:16:47:39":3,"s:48:2:58:Infinity":3,"f:61:16:61:45":4,"s:62:2:75:Infinity":4,"b:74:11:74:22:74:22:74:Infinity":3},"fnNames":{}}}
,"/Users/tanaysharma/Desktop/FIFA/server/services/safeJson.js": {"path":"/Users/tanaysharma/Desktop/FIFA/server/services/safeJson.js","statementMap":{"0":{"start":{"line":2,"column":2},"end":{"line":15,"column":null}},"1":{"start":{"line":3,"column":4},"end":{"line":3,"column":null}},"2":{"start":{"line":5,"column":18},"end":{"line":5,"column":null}},"3":{"start":{"line":6,"column":4},"end":{"line":8,"column":null}},"4":{"start":{"line":7,"column":6},"end":{"line":7,"column":null}},"5":{"start":{"line":10,"column":4},"end":{"line":14,"column":null}},"6":{"start":{"line":11,"column":6},"end":{"line":11,"column":null}},"7":{"start":{"line":13,"column":6},"end":{"line":13,"column":null}}},"fnMap":{"0":{"name":"safeJsonParse","decl":{"start":{"line":1,"column":16},"end":{"line":1,"column":30}},"loc":{"start":{"line":1,"column":36},"end":{"line":16,"column":null}},"line":1}},"branchMap":{"0":{"loc":{"start":{"line":6,"column":4},"end":{"line":8,"column":null}},"type":"if","locations":[{"start":{"line":6,"column":4},"end":{"line":8,"column":null}},{"start":{},"end":{}}],"line":6}},"s":{"0":6,"1":6,"2":5,"3":5,"4":2,"5":3,"6":3,"7":1},"f":{"0":6},"b":{"0":[2,3]},"meta":{"lastBranch":1,"lastFunction":1,"lastStatement":8,"seen":{"f:1:16:1:30":0,"s:2:2:15:Infinity":0,"s:3:4:3:Infinity":1,"s:5:18:5:Infinity":2,"b:6:4:8:Infinity:undefined:undefined:undefined:undefined":0,"s:6:4:8:Infinity":3,"s:7:6:7:Infinity":4,"s:10:4:14:Infinity":5,"s:11:6:11:Infinity":6,"s:13:6:13:Infinity":7},"fnNames":{}}}
,"/Users/tanaysharma/Desktop/FIFA/server/services/validation.js": {"path":"/Users/tanaysharma/Desktop/FIFA/server/services/validation.js","statementMap":{"0":{"start":{"line":3,"column":17},"end":{"line":8,"column":null}},"1":{"start":{"line":8,"column":21},"end":{"line":8,"column":42}},"2":{"start":{"line":10,"column":38},"end":{"line":19,"column":null}},"3":{"start":{"line":21,"column":35},"end":{"line":30,"column":null}},"4":{"start":{"line":32,"column":36},"end":{"line":36,"column":null}},"5":{"start":{"line":38,"column":31},"end":{"line":41,"column":null}},"6":{"start":{"line":43,"column":39},"end":{"line":46,"column":null}}},"fnMap":{"0":{"name":"(anonymous_0)","decl":{"start":{"line":8,"column":3},"end":{"line":8,"column":11}},"loc":{"start":{"line":8,"column":21},"end":{"line":8,"column":42}},"line":8}},"branchMap":{},"s":{"0":1,"1":9,"2":1,"3":1,"4":1,"5":1,"6":1},"f":{"0":9},"b":{},"meta":{"lastBranch":0,"lastFunction":1,"lastStatement":7,"seen":{"s:3:17:8:Infinity":0,"f:8:3:8:11":0,"s:8:21:8:42":1,"s:10:38:19:Infinity":2,"s:21:35:30:Infinity":3,"s:32:36:36:Infinity":4,"s:38:31:41:Infinity":5,"s:43:39:46:Infinity":6},"fnNames":{}}}
,"/Users/tanaysharma/Desktop/FIFA/src/hooks/useAiRequest.ts": {"path":"/Users/tanaysharma/Desktop/FIFA/src/hooks/useAiRequest.ts","statementMap":{"0":{"start":{"line":12,"column":28},"end":{"line":16,"column":null}},"1":{"start":{"line":17,"column":29},"end":{"line":17,"column":null}},"2":{"start":{"line":18,"column":25},"end":{"line":18,"column":null}},"3":{"start":{"line":20,"column":14},"end":{"line":40,"column":null}},"4":{"start":{"line":22,"column":6},"end":{"line":22,"column":null}},"5":{"start":{"line":23,"column":6},"end":{"line":23,"column":null}},"6":{"start":{"line":24,"column":6},"end":{"line":24,"column":null}},"7":{"start":{"line":25,"column":6},"end":{"line":25,"column":null}},"8":{"start":{"line":25,"column":29},"end":{"line":25,"column":74}},"9":{"start":{"line":27,"column":6},"end":{"line":37,"column":null}},"10":{"start":{"line":28,"column":25},"end":{"line":30,"column":null}},"11":{"start":{"line":31,"column":8},"end":{"line":31,"column":null}},"12":{"start":{"line":32,"column":8},"end":{"line":32,"column":null}},"13":{"start":{"line":34,"column":24},"end":{"line":34,"column":null}},"14":{"start":{"line":35,"column":8},"end":{"line":35,"column":null}},"15":{"start":{"line":36,"column":8},"end":{"line":36,"column":null}},"16":{"start":{"line":42,"column":16},"end":{"line":48,"column":null}},"17":{"start":{"line":43,"column":4},"end":{"line":45,"column":null}},"18":{"start":{"line":44,"column":6},"end":{"line":44,"column":null}},"19":{"start":{"line":47,"column":4},"end":{"line":47,"column":null}},"20":{"start":{"line":50,"column":2},"end":{"line":55,"column":null}},"21":{"start":{"line":54,"column":17},"end":{"line":54,"column":null}}},"fnMap":{"0":{"name":"useAiRequest","decl":{"start":{"line":11,"column":16},"end":{"line":11,"column":51}},"loc":{"start":{"line":11,"column":64},"end":{"line":56,"column":null}},"line":11},"1":{"name":"(anonymous_1)","decl":{"start":{"line":21,"column":4},"end":{"line":21,"column":11}},"loc":{"start":{"line":21,"column":62},"end":{"line":38,"column":null}},"line":21},"2":{"name":"(anonymous_2)","decl":{"start":{"line":25,"column":6},"end":{"line":25,"column":16}},"loc":{"start":{"line":25,"column":29},"end":{"line":25,"column":74}},"line":25},"3":{"name":"(anonymous_3)","decl":{"start":{"line":42,"column":28},"end":{"line":42,"column":40}},"loc":{"start":{"line":42,"column":40},"end":{"line":48,"column":5}},"line":42},"4":{"name":"(anonymous_4)","decl":{"start":{"line":54,"column":4},"end":{"line":54,"column":17}},"loc":{"start":{"line":54,"column":17},"end":{"line":54,"column":null}},"line":54}},"branchMap":{"0":{"loc":{"start":{"line":34,"column":24},"end":{"line":34,"column":null}},"type":"cond-expr","locations":[{"start":{"line":34,"column":49},"end":{"line":34,"column":65}},{"start":{"line":34,"column":65},"end":{"line":34,"column":null}}],"line":34},"1":{"loc":{"start":{"line":43,"column":4},"end":{"line":45,"column":null}},"type":"if","locations":[{"start":{"line":43,"column":4},"end":{"line":45,"column":null}},{"start":{},"end":{}}],"line":43}},"s":{"0":8,"1":8,"2":8,"3":8,"4":6,"5":6,"6":6,"7":6,"8":6,"9":6,"10":6,"11":4,"12":4,"13":2,"14":2,"15":2,"16":8,"17":2,"18":1,"19":1,"20":8,"21":2},"f":{"0":8,"1":6,"2":6,"3":2,"4":2},"b":{"0":[1,1],"1":[1,1]},"meta":{"lastBranch":2,"lastFunction":5,"lastStatement":22,"seen":{"f:11:16:11:51":0,"s:12:28:16:Infinity":0,"s:17:29:17:Infinity":1,"s:18:25:18:Infinity":2,"s:20:14:40:Infinity":3,"f:21:4:21:11":1,"s:22:6:22:Infinity":4,"s:23:6:23:Infinity":5,"s:24:6:24:Infinity":6,"s:25:6:25:Infinity":7,"f:25:6:25:16":2,"s:25:29:25:74":8,"s:27:6:37:Infinity":9,"s:28:25:30:Infinity":10,"s:31:8:31:Infinity":11,"s:32:8:32:Infinity":12,"s:34:24:34:Infinity":13,"b:34:49:34:65:34:65:34:Infinity":0,"s:35:8:35:Infinity":14,"s:36:8:36:Infinity":15,"s:42:16:48:Infinity":16,"f:42:28:42:40":3,"b:43:4:45:Infinity:undefined:undefined:undefined:undefined":1,"s:43:4:45:Infinity":17,"s:44:6:44:Infinity":18,"s:47:4:47:Infinity":19,"s:50:2:55:Infinity":20,"f:54:4:54:17":4,"s:54:17:54:Infinity":21},"fnNames":{}}}
,"/Users/tanaysharma/Desktop/FIFA/src/services/ai/cache.ts": {"path":"/Users/tanaysharma/Desktop/FIFA/src/services/ai/cache.ts","statementMap":{"0":{"start":{"line":6,"column":14},"end":{"line":6,"column":null}},"1":{"start":{"line":9,"column":16},"end":{"line":9,"column":null}},"2":{"start":{"line":10,"column":2},"end":{"line":12,"column":null}},"3":{"start":{"line":11,"column":4},"end":{"line":11,"column":null}},"4":{"start":{"line":14,"column":2},"end":{"line":17,"column":null}},"5":{"start":{"line":15,"column":4},"end":{"line":15,"column":null}},"6":{"start":{"line":16,"column":4},"end":{"line":16,"column":null}},"7":{"start":{"line":19,"column":2},"end":{"line":19,"column":null}},"8":{"start":{"line":23,"column":2},"end":{"line":26,"column":null}}},"fnMap":{"0":{"name":"getCachedValue","decl":{"start":{"line":8,"column":16},"end":{"line":8,"column":34}},"loc":{"start":{"line":8,"column":47},"end":{"line":20,"column":null}},"line":8},"1":{"name":"setCachedValue","decl":{"start":{"line":22,"column":16},"end":{"line":22,"column":34}},"loc":{"start":{"line":22,"column":72},"end":{"line":27,"column":null}},"line":22}},"branchMap":{"0":{"loc":{"start":{"line":10,"column":2},"end":{"line":12,"column":null}},"type":"if","locations":[{"start":{"line":10,"column":2},"end":{"line":12,"column":null}},{"start":{},"end":{}}],"line":10},"1":{"loc":{"start":{"line":14,"column":2},"end":{"line":17,"column":null}},"type":"if","locations":[{"start":{"line":14,"column":2},"end":{"line":17,"column":null}},{"start":{},"end":{}}],"line":14}},"s":{"0":1,"1":25,"2":25,"3":23,"4":2,"5":1,"6":1,"7":1,"8":18},"f":{"0":25,"1":18},"b":{"0":[23,2],"1":[1,1]},"meta":{"lastBranch":2,"lastFunction":2,"lastStatement":9,"seen":{"s:6:14:6:Infinity":0,"f:8:16:8:34":0,"s:9:16:9:Infinity":1,"b:10:2:12:Infinity:undefined:undefined:undefined:undefined":0,"s:10:2:12:Infinity":2,"s:11:4:11:Infinity":3,"b:14:2:17:Infinity:undefined:undefined:undefined:undefined":1,"s:14:2:17:Infinity":4,"s:15:4:15:Infinity":5,"s:16:4:16:Infinity":6,"s:19:2:19:Infinity":7,"f:22:16:22:34":1,"s:23:2:26:Infinity":8},"fnNames":{}}}
,"/Users/tanaysharma/Desktop/FIFA/src/services/ai/client.ts": {"path":"/Users/tanaysharma/Desktop/FIFA/src/services/ai/client.ts","statementMap":{"0":{"start":{"line":39,"column":24},"end":{"line":39,"column":null}},"1":{"start":{"line":40,"column":36},"end":{"line":40,"column":null}},"2":{"start":{"line":41,"column":19},"end":{"line":41,"column":null}},"3":{"start":{"line":42,"column":50},"end":{"line":48,"column":null}},"4":{"start":{"line":51,"column":2},"end":{"line":51,"column":null}},"5":{"start":{"line":55,"column":14},"end":{"line":55,"column":null}},"6":{"start":{"line":56,"column":17},"end":{"line":56,"column":null}},"7":{"start":{"line":57,"column":2},"end":{"line":59,"column":null}},"8":{"start":{"line":58,"column":4},"end":{"line":58,"column":null}},"9":{"start":{"line":61,"column":2},"end":{"line":63,"column":null}},"10":{"start":{"line":62,"column":4},"end":{"line":62,"column":null}},"11":{"start":{"line":65,"column":2},"end":{"line":65,"column":null}},"12":{"start":{"line":69,"column":21},"end":{"line":69,"column":null}},"13":{"start":{"line":70,"column":2},"end":{"line":72,"column":null}},"14":{"start":{"line":71,"column":4},"end":{"line":71,"column":null}},"15":{"start":{"line":71,"column":51},"end":{"line":71,"column":71}},"16":{"start":{"line":74,"column":16},"end":{"line":74,"column":null}},"17":{"start":{"line":75,"column":22},"end":{"line":75,"column":null}},"18":{"start":{"line":77,"column":2},"end":{"line":97,"column":null}},"19":{"start":{"line":78,"column":4},"end":{"line":96,"column":null}},"20":{"start":{"line":79,"column":6},"end":{"line":84,"column":null}},"21":{"start":{"line":86,"column":6},"end":{"line":86,"column":null}},"22":{"start":{"line":87,"column":23},"end":{"line":87,"column":null}},"23":{"start":{"line":89,"column":8},"end":{"line":89,"column":null}},"24":{"start":{"line":91,"column":6},"end":{"line":93,"column":null}},"25":{"start":{"line":92,"column":8},"end":{"line":92,"column":null}},"26":{"start":{"line":95,"column":6},"end":{"line":95,"column":null}},"27":{"start":{"line":95,"column":37},"end":{"line":95,"column":78}},"28":{"start":{"line":105,"column":19},"end":{"line":105,"column":null}},"29":{"start":{"line":106,"column":17},"end":{"line":106,"column":null}},"30":{"start":{"line":107,"column":2},"end":{"line":109,"column":null}},"31":{"start":{"line":108,"column":4},"end":{"line":108,"column":null}},"32":{"start":{"line":111,"column":18},"end":{"line":111,"column":null}},"33":{"start":{"line":112,"column":2},"end":{"line":114,"column":null}},"34":{"start":{"line":113,"column":4},"end":{"line":113,"column":null}},"35":{"start":{"line":116,"column":2},"end":{"line":116,"column":null}},"36":{"start":{"line":118,"column":25},"end":{"line":129,"column":null}},"37":{"start":{"line":120,"column":6},"end":{"line":122,"column":null}},"38":{"start":{"line":121,"column":8},"end":{"line":121,"column":null}},"39":{"start":{"line":124,"column":6},"end":{"line":124,"column":null}},"40":{"start":{"line":125,"column":6},"end":{"line":125,"column":null}},"41":{"start":{"line":128,"column":6},"end":{"line":128,"column":null}},"42":{"start":{"line":131,"column":2},"end":{"line":131,"column":null}},"43":{"start":{"line":132,"column":2},"end":{"line":132,"column":null}}},"fnMap":{"0":{"name":"buildCacheKey","decl":{"start":{"line":50,"column":9},"end":{"line":50,"column":23}},"loc":{"start":{"line":50,"column":63},"end":{"line":52,"column":null}},"line":50},"1":{"name":"enforceClientRateLimit","decl":{"start":{"line":54,"column":9},"end":{"line":54,"column":34}},"loc":{"start":{"line":54,"column":34},"end":{"line":66,"column":null}},"line":54},"2":{"name":"requestWithRetry","decl":{"start":{"line":68,"column":15},"end":{"line":68,"column":35}},"loc":{"start":{"line":68,"column":97},"end":{"line":98,"column":null}},"line":68},"3":{"name":"(anonymous_3)","decl":{"start":{"line":71,"column":36},"end":{"line":71,"column":51}},"loc":{"start":{"line":71,"column":51},"end":{"line":71,"column":71}},"line":71},"4":{"name":"(anonymous_4)","decl":{"start":{"line":95,"column":16},"end":{"line":95,"column":25}},"loc":{"start":{"line":95,"column":37},"end":{"line":95,"column":78}},"line":95},"5":{"name":"runAiRequest","decl":{"start":{"line":100,"column":22},"end":{"line":100,"column":null}},"loc":{"start":{"line":104,"column":2},"end":{"line":133,"column":null}},"line":104},"6":{"name":"(anonymous_6)","decl":{"start":{"line":119,"column":5},"end":{"line":119,"column":11}},"loc":{"start":{"line":119,"column":24},"end":{"line":126,"column":5}},"line":119},"7":{"name":"(anonymous_7)","decl":{"start":{"line":127,"column":5},"end":{"line":127,"column":19}},"loc":{"start":{"line":127,"column":19},"end":{"line":129,"column":5}},"line":127}},"branchMap":{"0":{"loc":{"start":{"line":57,"column":9},"end":{"line":57,"column":72}},"type":"binary-expr","locations":[{"start":{"line":57,"column":9},"end":{"line":57,"column":41}},{"start":{"line":57,"column":41},"end":{"line":57,"column":72}}],"line":57},"1":{"loc":{"start":{"line":61,"column":2},"end":{"line":63,"column":null}},"type":"if","locations":[{"start":{"line":61,"column":2},"end":{"line":63,"column":null}},{"start":{},"end":{}}],"line":61},"2":{"loc":{"start":{"line":68,"column":67},"end":{"line":68,"column":97}},"type":"default-arg","locations":[{"start":{"line":68,"column":93},"end":{"line":68,"column":97}}],"line":68},"3":{"loc":{"start":{"line":70,"column":2},"end":{"line":72,"column":null}},"type":"if","locations":[{"start":{"line":70,"column":2},"end":{"line":72,"column":null}},{"start":{},"end":{}}],"line":70},"4":{"loc":{"start":{"line":87,"column":23},"end":{"line":87,"column":null}},"type":"cond-expr","locations":[{"start":{"line":87,"column":51},"end":{"line":87,"column":59}},{"start":{"line":87,"column":59},"end":{"line":87,"column":null}}],"line":87},"5":{"loc":{"start":{"line":89,"column":8},"end":{"line":89,"column":null}},"type":"binary-expr","locations":[{"start":{"line":89,"column":8},"end":{"line":89,"column":21}},{"start":{"line":89,"column":21},"end":{"line":89,"column":47}},{"start":{"line":89,"column":47},"end":{"line":89,"column":74}},{"start":{"line":89,"column":74},"end":{"line":89,"column":null}}],"line":89},"6":{"loc":{"start":{"line":91,"column":6},"end":{"line":93,"column":null}},"type":"if","locations":[{"start":{"line":91,"column":6},"end":{"line":93,"column":null}},{"start":{},"end":{}}],"line":91},"7":{"loc":{"start":{"line":91,"column":10},"end":{"line":91,"column":48}},"type":"binary-expr","locations":[{"start":{"line":91,"column":10},"end":{"line":91,"column":24}},{"start":{"line":91,"column":24},"end":{"line":91,"column":48}}],"line":91},"8":{"loc":{"start":{"line":103,"column":2},"end":{"line":103,"column":null}},"type":"default-arg","locations":[{"start":{"line":103,"column":28},"end":{"line":103,"column":null}}],"line":103},"9":{"loc":{"start":{"line":107,"column":2},"end":{"line":109,"column":null}},"type":"if","locations":[{"start":{"line":107,"column":2},"end":{"line":109,"column":null}},{"start":{},"end":{}}],"line":107},"10":{"loc":{"start":{"line":112,"column":2},"end":{"line":114,"column":null}},"type":"if","locations":[{"start":{"line":112,"column":2},"end":{"line":114,"column":null}},{"start":{},"end":{}}],"line":112},"11":{"loc":{"start":{"line":120,"column":6},"end":{"line":122,"column":null}},"type":"if","locations":[{"start":{"line":120,"column":6},"end":{"line":122,"column":null}},{"start":{},"end":{}}],"line":120},"12":{"loc":{"start":{"line":120,"column":10},"end":{"line":120,"column":93}},"type":"binary-expr","locations":[{"start":{"line":120,"column":10},"end":{"line":120,"column":24}},{"start":{"line":120,"column":24},"end":{"line":120,"column":56}},{"start":{"line":120,"column":56},"end":{"line":120,"column":93}}],"line":120}},"s":{"0":1,"1":1,"2":1,"3":1,"4":25,"5":23,"6":23,"7":23,"8":21,"9":23,"10":1,"11":22,"12":22,"13":22,"14":1,"15":1,"16":22,"17":22,"18":22,"19":27,"20":27,"21":8,"22":8,"23":8,"24":8,"25":3,"26":5,"27":5,"28":25,"29":25,"30":25,"31":1,"32":24,"33":24,"34":1,"35":23,"36":23,"37":19,"38":1,"39":18,"40":18,"41":22,"42":23,"43":23},"f":{"0":25,"1":23,"2":22,"3":1,"4":5,"5":25,"6":19,"7":22},"b":{"0":[23,31],"1":[1,22],"2":[22],"3":[1,21],"4":[6,2],"5":[8,6,3,2],"6":[3,5],"7":[8,7],"8":[25],"9":[1,24],"10":[1,23],"11":[1,18],"12":[19,19,19]},"meta":{"lastBranch":13,"lastFunction":8,"lastStatement":44,"seen":{"s:39:24:39:Infinity":0,"s:40:36:40:Infinity":1,"s:41:19:41:Infinity":2,"s:42:50:48:Infinity":3,"f:50:9:50:23":0,"s:51:2:51:Infinity":4,"f:54:9:54:34":1,"s:55:14:55:Infinity":5,"s:56:17:56:Infinity":6,"s:57:2:59:Infinity":7,"b:57:9:57:41:57:41:57:72":0,"s:58:4:58:Infinity":8,"b:61:2:63:Infinity:undefined:undefined:undefined:undefined":1,"s:61:2:63:Infinity":9,"s:62:4:62:Infinity":10,"s:65:2:65:Infinity":11,"f:68:15:68:35":2,"b:68:93:68:97":2,"s:69:21:69:Infinity":12,"b:70:2:72:Infinity:undefined:undefined:undefined:undefined":3,"s:70:2:72:Infinity":13,"s:71:4:71:Infinity":14,"f:71:36:71:51":3,"s:71:51:71:71":15,"s:74:16:74:Infinity":16,"s:75:22:75:Infinity":17,"s:77:2:97:Infinity":18,"s:78:4:96:Infinity":19,"s:79:6:84:Infinity":20,"s:86:6:86:Infinity":21,"s:87:23:87:Infinity":22,"b:87:51:87:59:87:59:87:Infinity":4,"s:89:8:89:Infinity":23,"b:89:8:89:21:89:21:89:47:89:47:89:74:89:74:89:Infinity":5,"b:91:6:93:Infinity:undefined:undefined:undefined:undefined":6,"s:91:6:93:Infinity":24,"b:91:10:91:24:91:24:91:48":7,"s:92:8:92:Infinity":25,"s:95:6:95:Infinity":26,"f:95:16:95:25":4,"s:95:37:95:78":27,"f:100:22:100:Infinity":5,"b:103:28:103:Infinity":8,"s:105:19:105:Infinity":28,"s:106:17:106:Infinity":29,"b:107:2:109:Infinity:undefined:undefined:undefined:undefined":9,"s:107:2:109:Infinity":30,"s:108:4:108:Infinity":31,"s:111:18:111:Infinity":32,"b:112:2:114:Infinity:undefined:undefined:undefined:undefined":10,"s:112:2:114:Infinity":33,"s:113:4:113:Infinity":34,"s:116:2:116:Infinity":35,"s:118:25:129:Infinity":36,"f:119:5:119:11":6,"b:120:6:122:Infinity:undefined:undefined:undefined:undefined":11,"s:120:6:122:Infinity":37,"b:120:10:120:24:120:24:120:56:120:56:120:93":12,"s:121:8:121:Infinity":38,"s:124:6:124:Infinity":39,"s:125:6:125:Infinity":40,"f:127:5:127:19":7,"s:128:6:128:Infinity":41,"s:131:2:131:Infinity":42,"s:132:2:132:Infinity":43},"fnNames":{}}}
}
